<?xml version="1.0" encoding="UTF-8"?>
<!-- Generated by org.testng.reporters.JUnitReportReporter -->
<testsuite hostname="N-5CG7492PHQ" failures="0" tests="1" name="LOT.BuyTickets" time="0.000" errors="0" timestamp="08 maj 2018 10:21:05 GMT" skipped="1">
  <testcase classname="LOT.BuyTickets" name="Test_ManageYourBooking" time="0.000">
    <skipped/>
  </testcase> <!-- Test_ManageYourBooking -->
</testsuite> <!-- LOT.BuyTickets -->
