<?xml version="1.0" encoding="UTF-8"?>
<!-- Generated by org.testng.reporters.JUnitReportReporter -->
<testsuite hostname="N-5CG7492PHQ" failures="0" tests="3" name="LOT.LotBiletyUS" time="125.386" errors="0" timestamp="30 maj 2018 09:50:43 GMT" skipped="0">
  <testcase classname="LOT.LotBiletyUS" name="Test_BuyTickets" time="43.130"/>
  <testcase classname="LOT.LotBiletyUS" name="Test_BuyTickets" time="42.444"/>
  <testcase classname="LOT.LotBiletyUS" name="Test_BuyTickets" time="39.812"/>
</testsuite> <!-- LOT.LotBiletyUS -->
