<?xml version="1.0" encoding="UTF-8"?>
<!-- Generated by org.testng.reporters.JUnitReportReporter -->
<testsuite hostname="N-5CG7492PHQ" failures="0" tests="1" name="LOT.LotAllLanguages" time="44.163" errors="0" timestamp="10 kwi 2018 12:16:03 GMT" skipped="0">
  <testcase classname="LOT.LotAllLanguages" name="Test_HomePageTabs_AM" time="44.163"/>
</testsuite> <!-- LOT.LotAllLanguages -->
