<?xml version="1.0" encoding="UTF-8"?>
<!-- Generated by org.testng.reporters.JUnitReportReporter -->
<testsuite hostname="N-5CG7492PHQ" failures="0" tests="1" name="Test.Linkedin" time="10.555" errors="0" timestamp="07 mar 2018 14:28:41 GMT" skipped="0">
  <testcase classname="Test.Linkedin" name="testLot" time="10.555"/>
</testsuite> <!-- Test.Linkedin -->
