<?xml version="1.0" encoding="UTF-8"?>
<!-- Generated by org.testng.reporters.JUnitReportReporter -->
<testsuite hostname="N-5CG7492PHQ" failures="0" tests="3" name="LOT.LotBiletyAllSelectPlacesAndEquipmentAndBaggage" time="94.872" errors="0" timestamp="13 wrz 2018 11:17:02 GMT" skipped="2">
  <testcase classname="LOT.LotBiletyAllSelectPlacesAndEquipmentAndBaggage" name="Test_BuyTicketsEU" time="94.872"/>
  <testcase classname="LOT.LotBiletyAllSelectPlacesAndEquipmentAndBaggage" name="Test_BuyTicketsUS" time="0.000">
    <skipped/>
  </testcase> <!-- Test_BuyTicketsUS -->
  <testcase classname="LOT.LotBiletyAllSelectPlacesAndEquipmentAndBaggage" name="Test_BuyTicketsHU" time="0.000">
    <skipped/>
  </testcase> <!-- Test_BuyTicketsHU -->
</testsuite> <!-- LOT.LotBiletyAllSelectPlacesAndEquipmentAndBaggage -->
