<?xml version="1.0" encoding="UTF-8"?>
<!-- Generated by org.testng.reporters.JUnitReportReporter -->
<testsuite hostname="N-5CG7492PHQ" failures="0" tests="1" name="GAM.LotBilety2" time="35.458" errors="0" timestamp="27 lut 2018 13:53:32 GMT" skipped="0">
  <testcase classname="GAM.LotBilety2" name="testLot" time="35.458"/>
</testsuite> <!-- GAM.LotBilety2 -->
