<?xml version="1.0" encoding="UTF-8"?>
<!-- Generated by org.testng.reporters.JUnitReportReporter -->
<testsuite hostname="N-5CG7492PHQ" failures="0" tests="4" name="PRE2LOT.Booking" time="106.686" errors="0" timestamp="13 kwi 2018 09:57:17 GMT" skipped="0">
  <testcase classname="PRE2LOT.Booking" name="Test_From_WAW_TO_LUX_prices" time="23.837"/>
  <testcase classname="PRE2LOT.Booking" name="Test_From_WAW_TO_BCN_prices" time="38.242"/>
  <testcase classname="PRE2LOT.Booking" name="Test_From_WAW_TO_ICN_prices" time="25.525"/>
  <testcase classname="PRE2LOT.Booking" name="Test_From_WAW_TO_JFK_prices" time="19.082"/>
</testsuite> <!-- PRE2LOT.Booking -->
