<?xml version="1.0" encoding="UTF-8"?>
<!-- Generated by org.testng.reporters.JUnitReportReporter -->
<testsuite hostname="N-5CG7492PHQ" failures="0" tests="1" name="LOT.LotBilety2" time="20.459" errors="0" timestamp="13 mar 2018 12:43:56 GMT" skipped="0">
  <testcase classname="LOT.LotBilety2" name="testLot" time="20.459"/>
</testsuite> <!-- LOT.LotBilety2 -->
