<?xml version="1.0" encoding="UTF-8"?>
<!-- Generated by org.testng.reporters.JUnitReportReporter -->
<testsuite hostname="N-5CG7492PHQ" failures="0" tests="2" name="LOT.LotMultiTicketstest" time="17.351" errors="0" timestamp="26 lip 2018 12:24:03 GMT" skipped="0">
  <testcase classname="LOT.LotMultiTicketstest" name="Test_BuyTickets2adults" time="9.962"/>
  <testcase classname="LOT.LotMultiTicketstest" name="Test_BuyTickets3adults" time="7.389"/>
</testsuite> <!-- LOT.LotMultiTicketstest -->
