<?xml version="1.0" encoding="UTF-8"?>
<!-- Generated by org.testng.reporters.JUnitReportReporter -->
<testsuite hostname="N-5CG7492PHQ" failures="0" tests="1" name="LOT.LotMMBFareConditions" time="21.956" errors="0" timestamp="11 wrz 2018 11:22:37 GMT" skipped="0">
  <testcase classname="LOT.LotMMBFareConditions" name="MMB" time="21.956"/>
</testsuite> <!-- LOT.LotMMBFareConditions -->
