<?xml version="1.0" encoding="UTF-8"?>
<!-- Generated by org.testng.reporters.JUnitReportReporter -->
<testsuite hostname="N-5CG7492PHQ" failures="0" tests="1" name="LOT.LotMMB" time="26.432" errors="0" timestamp="04 wrz 2018 09:07:34 GMT" skipped="0">
  <testcase classname="LOT.LotMMB" name="MMB" time="26.432"/>
</testsuite> <!-- LOT.LotMMB -->
