<?xml version="1.0" encoding="UTF-8"?>
<!-- Generated by org.testng.reporters.JUnitReportReporter -->
<testsuite hostname="N-5CG7492PHQ" failures="0" tests="2" name="LOT.PRE2Short2" time="56.914" errors="0" timestamp="17 wrz 2018 13:46:26 GMT" skipped="0">
  <testcase classname="LOT.PRE2Short2" name="Test_Pr2ShortEU" time="30.206"/>
  <testcase classname="LOT.PRE2Short2" name="Test_Pr2ShortEU" time="26.708"/>
</testsuite> <!-- LOT.PRE2Short2 -->
