<?xml version="1.0" encoding="UTF-8"?>
<!-- Generated by org.testng.reporters.JUnitReportReporter -->
<testsuite hostname="N-5CG7492PHQ" failures="0" tests="1" name="LOT.LotBiletyEU" time="21.718" errors="0" timestamp="11 cze 2018 14:09:23 GMT" skipped="0">
  <testcase classname="LOT.LotBiletyEU" name="Test_BuyTickets" time="21.718"/>
</testsuite> <!-- LOT.LotBiletyEU -->
