<?xml version="1.0" encoding="UTF-8"?>
<!-- Generated by org.testng.reporters.JUnitReportReporter -->
<testsuite hostname="N-5CG7492PHQ" failures="0" tests="1" name="GAM.LotBilety3" time="34.800" errors="0" timestamp="27 lut 2018 13:53:32 GMT" skipped="0">
  <testcase classname="GAM.LotBilety3" name="testLot" time="34.800"/>
</testsuite> <!-- GAM.LotBilety3 -->
