<?xml version="1.0" encoding="UTF-8"?>
<!-- Generated by org.testng.reporters.JUnitReportReporter -->
<testsuite hostname="N-5CG7492PHQ" failures="0" tests="3" name="LOT.LotTicketsPremium" time="257.651" errors="0" timestamp="24 lip 2018 11:09:00 GMT" skipped="0">
  <testcase classname="LOT.LotTicketsPremium" name="Test_BuyTicketsUS" time="84.308"/>
  <testcase classname="LOT.LotTicketsPremium" name="Test_BuyTicketsHU" time="92.336"/>
  <testcase classname="LOT.LotTicketsPremium" name="Test_BuyTicketsEU" time="81.007"/>
</testsuite> <!-- LOT.LotTicketsPremium -->
