<?xml version="1.0" encoding="UTF-8"?>
<!-- Generated by org.testng.reporters.JUnitReportReporter -->
<testsuite hostname="N-5CG7492PHQ" failures="0" tests="1" name="LOT.LotBilety" time="41.201" errors="0" timestamp="05 kwi 2018 09:13:08 GMT" skipped="0">
  <testcase classname="LOT.LotBilety" name="Test_Biletow" time="41.201"/>
</testsuite> <!-- LOT.LotBilety -->
