<?xml version="1.0" encoding="UTF-8"?>
<!-- Generated by org.testng.reporters.JUnitReportReporter -->
<testsuite hostname="N-5CG7492PHQ" failures="0" tests="6" name="LOT.LotBiletyAll" time="622.614" errors="0" timestamp="26 wrz 2018 11:25:55 GMT" skipped="0">
  <testcase classname="LOT.LotBiletyAll" name="Test_BuyTicketsEU" time="103.381"/>
  <testcase classname="LOT.LotBiletyAll" name="Test_BuyTicketsEU" time="126.375"/>
  <testcase classname="LOT.LotBiletyAll" name="Test_BuyTicketsEU" time="94.677"/>
  <testcase classname="LOT.LotBiletyAll" name="Test_BuyTicketsEU" time="99.468"/>
  <testcase classname="LOT.LotBiletyAll" name="Test_BuyTicketsEU" time="104.157"/>
  <testcase classname="LOT.LotBiletyAll" name="Test_BuyTicketsEU" time="94.556"/>
</testsuite> <!-- LOT.LotBiletyAll -->
