<?xml version="1.0" encoding="UTF-8"?>
<!-- Generated by org.testng.reporters.JUnitReportReporter -->
<testsuite hostname="N-5CG7492PHQ" failures="0" tests="1" name="com.example.tests.LotBilety" time="44.987" errors="0" timestamp="27 lut 2018 13:53:32 GMT" skipped="0">
  <testcase classname="com.example.tests.LotBilety" name="testLot" time="44.987"/>
</testsuite> <!-- com.example.tests.LotBilety -->
