<?xml version="1.0" encoding="UTF-8"?>
<!-- Generated by org.testng.reporters.JUnitReportReporter -->
<testsuite hostname="N-5CG7492PHQ" failures="0" tests="9" name="LOT.LotMultiTickets2" time="553.326" errors="0" timestamp="26 lip 2018 13:06:48 GMT" skipped="0">
  <testcase classname="LOT.LotMultiTickets2" name="Test_BuyTickets2adults" time="63.781"/>
  <testcase classname="LOT.LotMultiTickets2" name="Test_BuyTickets4adults" time="61.301"/>
  <testcase classname="LOT.LotMultiTickets2" name="Test_BuyTickets1adult2youth" time="64.448"/>
  <testcase classname="LOT.LotMultiTickets2" name="Test_BuyTickets1adult1infant" time="58.595"/>
  <testcase classname="LOT.LotMultiTickets2" name="Test_BuyTickets1adult1youth" time="58.113"/>
  <testcase classname="LOT.LotMultiTickets2" name="Test_BuyTickets2adults1child" time="63.813"/>
  <testcase classname="LOT.LotMultiTickets2" name="Test_BuyTickets2adults1youth" time="60.961"/>
  <testcase classname="LOT.LotMultiTickets2" name="Test_BuyTickets3adults" time="59.539"/>
  <testcase classname="LOT.LotMultiTickets2" name="Test_BuyTickets2adults2youth" time="62.775"/>
</testsuite> <!-- LOT.LotMultiTickets2 -->
