<?xml version="1.0" encoding="UTF-8"?>
<!-- Generated by org.testng.reporters.JUnitReportReporter -->
<testsuite hostname="N-5CG7492PHQ" failures="0" tests="1" name="LOT.LotAllLanguages" time="39.011" errors="0" timestamp="16 kwi 2018 12:36:30 GMT" skipped="0">
  <testcase classname="LOT.LotAllLanguages" name="Test_HomePageTabs_KR" time="39.011"/>
</testsuite> <!-- LOT.LotAllLanguages -->
