<?xml version="1.0" encoding="UTF-8"?>
<!-- Generated by org.testng.reporters.JUnitReportReporter -->
<testsuite hostname="N-5CG7492PHQ" failures="0" tests="1" name="LOT.LotBilety3" time="37.706" errors="0" timestamp="01 mar 2018 13:37:04 GMT" skipped="0">
  <testcase classname="LOT.LotBilety3" name="testLot" time="37.706"/>
</testsuite> <!-- LOT.LotBilety3 -->
