<?xml version="1.0" encoding="UTF-8"?>
<!-- Generated by org.testng.reporters.JUnitReportReporter -->
<testsuite hostname="N-5CG7492PHQ" failures="0" tests="1" name="LOT.LotLuggageComplaint" time="26.462" errors="0" timestamp="22 sie 2018 08:02:35 GMT" skipped="0">
  <testcase classname="LOT.LotLuggageComplaint" name="LuggageComplaintDEDE" time="26.462"/>
</testsuite> <!-- LOT.LotLuggageComplaint -->
