<?xml version="1.0" encoding="UTF-8"?>
<!-- Generated by org.testng.reporters.JUnitReportReporter -->
<testsuite hostname="N-5CG7492PHQ" failures="0" tests="1" name="LOT.LotBilety2" time="38.162" errors="0" timestamp="01 mar 2018 13:37:04 GMT" skipped="0">
  <testcase classname="LOT.LotBilety2" name="testLot" time="38.162"/>
</testsuite> <!-- LOT.LotBilety2 -->
