<?xml version="1.0" encoding="UTF-8"?>
<!-- Generated by org.testng.reporters.JUnitReportReporter -->
<testsuite hostname="N-5CG7492PHQ" failures="0" tests="1" name="LOT.LotMultiTickets" time="129.531" errors="0" timestamp="18 wrz 2018 09:44:50 GMT" skipped="0">
  <testcase classname="LOT.LotMultiTickets" name="Test_BuyTickets1adult1youth" time="129.531"/>
</testsuite> <!-- LOT.LotMultiTickets -->
