<?xml version="1.0" encoding="UTF-8"?>
<!-- Generated by org.testng.reporters.JUnitReportReporter -->
<testsuite hostname="N-5CG7492PHQ" failures="0" tests="1" name="LOT.LotMMBtest" time="25.511" errors="0" timestamp="29 sie 2018 13:11:30 GMT" skipped="0">
  <testcase classname="LOT.LotMMBtest" name="MMB" time="25.511"/>
</testsuite> <!-- LOT.LotMMBtest -->
