<?xml version="1.0" encoding="UTF-8"?>
<!-- Generated by org.testng.reporters.JUnitReportReporter -->
<testsuite hostname="N-5CG7492PHQ" failures="0" tests="1" name="LOT.LotMMB" time="23.762" errors="0" timestamp="11 wrz 2018 08:58:41 GMT" skipped="0">
  <testcase classname="LOT.LotMMB" name="MMB" time="23.762"/>
</testsuite> <!-- LOT.LotMMB -->
