<?xml version="1.0" encoding="UTF-8"?>
<!-- Generated by org.testng.reporters.JUnitReportReporter -->
<testsuite hostname="N-5CG7492PHQ" failures="0" tests="1" name="LOT.LotMultiTickets" time="60.094" errors="0" timestamp="26 lip 2018 11:20:21 GMT" skipped="0">
  <testcase classname="LOT.LotMultiTickets" name="Test_BuyTickets2adults1child" time="60.094"/>
</testsuite> <!-- LOT.LotMultiTickets -->
