<?xml version="1.0" encoding="UTF-8"?>
<!-- Generated by org.testng.reporters.JUnitReportReporter -->
<testsuite hostname="N-5CG7492PHQ" failures="0" tests="1" name="LOT.LotBilety" time="0.000" errors="0" timestamp="24 maj 2018 15:09:16 GMT" skipped="1">
  <testcase classname="LOT.LotBilety" name="Test_BuyTickets" time="0.000">
    <skipped/>
  </testcase> <!-- Test_BuyTickets -->
</testsuite> <!-- LOT.LotBilety -->
