<?xml version="1.0" encoding="UTF-8"?>
<!-- Generated by org.testng.reporters.JUnitReportReporter -->
<testsuite hostname="N-5CG7492PHQ" failures="0" tests="1" name="LOT.LotBiletyEU3" time="60.805" errors="0" timestamp="11 cze 2018 14:32:00 GMT" skipped="0">
  <testcase classname="LOT.LotBiletyEU3" name="Test_BuyTickets" time="60.805"/>
</testsuite> <!-- LOT.LotBiletyEU3 -->
