<?xml version="1.0" encoding="UTF-8"?>
<!-- Generated by org.testng.reporters.JUnitReportReporter -->
<testsuite hostname="N-5CG7492PHQ" failures="0" tests="1" name="LOT.LotBiletyTimeIndra" time="96.139" errors="0" timestamp="21 cze 2018 12:31:18 GMT" skipped="0">
  <testcase classname="LOT.LotBiletyTimeIndra" name="Test_BuyTickets" time="96.139"/>
</testsuite> <!-- LOT.LotBiletyTimeIndra -->
