<?xml version="1.0" encoding="UTF-8"?>
<!-- Generated by org.testng.reporters.JUnitReportReporter -->
<testsuite hostname="N-5CG7492PHQ" failures="0" tests="240" name="LOT.LotMMB" time="1.341" errors="2" timestamp="14 sie 2018 11:42:01 GMT" skipped="238">
  <testcase classname="LOT.LotMMB" name="MMB" time="0.000">
    <skipped/>
  </testcase> <!-- MMB -->
  <testcase classname="LOT.LotMMB" name="MMB" time="0.000">
    <skipped/>
  </testcase> <!-- MMB -->
  <testcase classname="LOT.LotMMB" name="MMB" time="0.000">
    <skipped/>
  </testcase> <!-- MMB -->
  <testcase classname="LOT.LotMMB" name="MMB" time="0.000">
    <skipped/>
  </testcase> <!-- MMB -->
  <testcase classname="LOT.LotMMB" name="MMB" time="0.000">
    <skipped/>
  </testcase> <!-- MMB -->
  <testcase classname="LOT.LotMMB" name="MMB" time="0.000">
    <skipped/>
  </testcase> <!-- MMB -->
  <testcase classname="LOT.LotMMB" name="MMB" time="0.000">
    <skipped/>
  </testcase> <!-- MMB -->
  <testcase classname="LOT.LotMMB" name="MMB" time="0.000">
    <skipped/>
  </testcase> <!-- MMB -->
  <testcase classname="LOT.LotMMB" name="MMB" time="0.000">
    <skipped/>
  </testcase> <!-- MMB -->
  <testcase classname="LOT.LotMMB" name="MMB" time="0.000">
    <skipped/>
  </testcase> <!-- MMB -->
  <testcase classname="LOT.LotMMB" name="MMB" time="0.000">
    <skipped/>
  </testcase> <!-- MMB -->
  <testcase classname="LOT.LotMMB" name="MMB" time="0.000">
    <skipped/>
  </testcase> <!-- MMB -->
  <testcase classname="LOT.LotMMB" name="MMB" time="0.000">
    <skipped/>
  </testcase> <!-- MMB -->
  <testcase classname="LOT.LotMMB" name="MMB" time="0.000">
    <skipped/>
  </testcase> <!-- MMB -->
  <testcase classname="LOT.LotMMB" name="MMB" time="0.000">
    <skipped/>
  </testcase> <!-- MMB -->
  <testcase classname="LOT.LotMMB" name="MMB" time="0.000">
    <skipped/>
  </testcase> <!-- MMB -->
  <testcase classname="LOT.LotMMB" name="MMB" time="0.000">
    <skipped/>
  </testcase> <!-- MMB -->
  <testcase classname="LOT.LotMMB" name="MMB" time="0.000">
    <skipped/>
  </testcase> <!-- MMB -->
  <testcase classname="LOT.LotMMB" name="MMB" time="0.000">
    <skipped/>
  </testcase> <!-- MMB -->
  <testcase classname="LOT.LotMMB" name="MMB" time="0.000">
    <skipped/>
  </testcase> <!-- MMB -->
  <testcase classname="LOT.LotMMB" name="MMB" time="0.000">
    <skipped/>
  </testcase> <!-- MMB -->
  <testcase classname="LOT.LotMMB" name="MMB" time="0.000">
    <skipped/>
  </testcase> <!-- MMB -->
  <testcase classname="LOT.LotMMB" name="MMB" time="0.000">
    <skipped/>
  </testcase> <!-- MMB -->
  <testcase classname="LOT.LotMMB" name="MMB" time="0.000">
    <skipped/>
  </testcase> <!-- MMB -->
  <testcase classname="LOT.LotMMB" name="MMB" time="0.000">
    <skipped/>
  </testcase> <!-- MMB -->
  <testcase classname="LOT.LotMMB" name="MMB" time="0.000">
    <skipped/>
  </testcase> <!-- MMB -->
  <testcase classname="LOT.LotMMB" name="MMB" time="0.000">
    <skipped/>
  </testcase> <!-- MMB -->
  <testcase classname="LOT.LotMMB" name="MMB" time="0.000">
    <skipped/>
  </testcase> <!-- MMB -->
  <testcase classname="LOT.LotMMB" name="MMB" time="0.000">
    <skipped/>
  </testcase> <!-- MMB -->
  <testcase classname="LOT.LotMMB" name="MMB" time="0.000">
    <skipped/>
  </testcase> <!-- MMB -->
  <testcase classname="LOT.LotMMB" name="MMB" time="0.000">
    <skipped/>
  </testcase> <!-- MMB -->
  <testcase classname="LOT.LotMMB" name="MMB" time="0.000">
    <skipped/>
  </testcase> <!-- MMB -->
  <testcase classname="LOT.LotMMB" name="MMB" time="0.000">
    <skipped/>
  </testcase> <!-- MMB -->
  <testcase classname="LOT.LotMMB" name="MMB" time="0.000">
    <skipped/>
  </testcase> <!-- MMB -->
  <testcase classname="LOT.LotMMB" name="MMB" time="0.000">
    <skipped/>
  </testcase> <!-- MMB -->
  <testcase classname="LOT.LotMMB" name="MMB" time="0.000">
    <skipped/>
  </testcase> <!-- MMB -->
  <testcase classname="LOT.LotMMB" name="MMB" time="0.000">
    <skipped/>
  </testcase> <!-- MMB -->
  <testcase classname="LOT.LotMMB" name="MMB" time="0.000">
    <skipped/>
  </testcase> <!-- MMB -->
  <testcase classname="LOT.LotMMB" name="MMB" time="0.000">
    <skipped/>
  </testcase> <!-- MMB -->
  <testcase classname="LOT.LotMMB" name="MMB" time="0.000">
    <skipped/>
  </testcase> <!-- MMB -->
  <testcase classname="LOT.LotMMB" name="MMB" time="0.000">
    <skipped/>
  </testcase> <!-- MMB -->
  <testcase classname="LOT.LotMMB" name="MMB" time="0.000">
    <skipped/>
  </testcase> <!-- MMB -->
  <testcase classname="LOT.LotMMB" name="MMB" time="0.000">
    <skipped/>
  </testcase> <!-- MMB -->
  <testcase classname="LOT.LotMMB" name="MMB" time="0.000">
    <skipped/>
  </testcase> <!-- MMB -->
  <testcase classname="LOT.LotMMB" name="MMB" time="0.000">
    <skipped/>
  </testcase> <!-- MMB -->
  <testcase classname="LOT.LotMMB" name="MMB" time="0.000">
    <skipped/>
  </testcase> <!-- MMB -->
  <testcase classname="LOT.LotMMB" name="MMB" time="0.000">
    <skipped/>
  </testcase> <!-- MMB -->
  <testcase classname="LOT.LotMMB" name="MMB" time="0.000">
    <skipped/>
  </testcase> <!-- MMB -->
  <testcase classname="LOT.LotMMB" name="MMB" time="0.000">
    <skipped/>
  </testcase> <!-- MMB -->
  <testcase classname="LOT.LotMMB" name="MMB" time="0.000">
    <skipped/>
  </testcase> <!-- MMB -->
  <testcase classname="LOT.LotMMB" name="MMB" time="0.000">
    <skipped/>
  </testcase> <!-- MMB -->
  <testcase classname="LOT.LotMMB" name="MMB" time="0.000">
    <skipped/>
  </testcase> <!-- MMB -->
  <testcase classname="LOT.LotMMB" name="MMB" time="0.000">
    <skipped/>
  </testcase> <!-- MMB -->
  <testcase classname="LOT.LotMMB" name="MMB" time="0.000">
    <skipped/>
  </testcase> <!-- MMB -->
  <testcase classname="LOT.LotMMB" name="MMB" time="0.000">
    <skipped/>
  </testcase> <!-- MMB -->
  <testcase classname="LOT.LotMMB" name="MMB" time="0.000">
    <skipped/>
  </testcase> <!-- MMB -->
  <testcase classname="LOT.LotMMB" name="MMB" time="0.000">
    <skipped/>
  </testcase> <!-- MMB -->
  <testcase classname="LOT.LotMMB" name="MMB" time="0.000">
    <skipped/>
  </testcase> <!-- MMB -->
  <testcase classname="LOT.LotMMB" name="MMB" time="0.000">
    <skipped/>
  </testcase> <!-- MMB -->
  <testcase classname="LOT.LotMMB" name="MMB" time="0.000">
    <skipped/>
  </testcase> <!-- MMB -->
  <testcase classname="LOT.LotMMB" name="MMB" time="0.000">
    <skipped/>
  </testcase> <!-- MMB -->
  <testcase classname="LOT.LotMMB" name="MMB" time="0.000">
    <skipped/>
  </testcase> <!-- MMB -->
  <testcase classname="LOT.LotMMB" name="MMB" time="0.000">
    <skipped/>
  </testcase> <!-- MMB -->
  <testcase classname="LOT.LotMMB" name="MMB" time="0.000">
    <skipped/>
  </testcase> <!-- MMB -->
  <testcase classname="LOT.LotMMB" name="MMB" time="0.000">
    <skipped/>
  </testcase> <!-- MMB -->
  <testcase classname="LOT.LotMMB" name="MMB" time="0.000">
    <skipped/>
  </testcase> <!-- MMB -->
  <testcase classname="LOT.LotMMB" name="MMB" time="0.000">
    <skipped/>
  </testcase> <!-- MMB -->
  <testcase classname="LOT.LotMMB" name="MMB" time="0.000">
    <skipped/>
  </testcase> <!-- MMB -->
  <testcase classname="LOT.LotMMB" name="MMB" time="0.000">
    <skipped/>
  </testcase> <!-- MMB -->
  <testcase classname="LOT.LotMMB" name="MMB" time="0.000">
    <skipped/>
  </testcase> <!-- MMB -->
  <testcase classname="LOT.LotMMB" name="MMB" time="0.000">
    <skipped/>
  </testcase> <!-- MMB -->
  <testcase classname="LOT.LotMMB" name="MMB" time="0.000">
    <skipped/>
  </testcase> <!-- MMB -->
  <testcase classname="LOT.LotMMB" name="MMB" time="0.000">
    <skipped/>
  </testcase> <!-- MMB -->
  <testcase classname="LOT.LotMMB" name="MMB" time="0.000">
    <skipped/>
  </testcase> <!-- MMB -->
  <testcase classname="LOT.LotMMB" name="MMB" time="0.000">
    <skipped/>
  </testcase> <!-- MMB -->
  <testcase classname="LOT.LotMMB" name="MMB" time="0.000">
    <skipped/>
  </testcase> <!-- MMB -->
  <testcase classname="LOT.LotMMB" name="MMB" time="0.000">
    <skipped/>
  </testcase> <!-- MMB -->
  <testcase classname="LOT.LotMMB" name="MMB" time="0.000">
    <skipped/>
  </testcase> <!-- MMB -->
  <testcase classname="LOT.LotMMB" name="MMB" time="0.000">
    <skipped/>
  </testcase> <!-- MMB -->
  <testcase classname="LOT.LotMMB" name="MMB" time="0.000">
    <skipped/>
  </testcase> <!-- MMB -->
  <testcase classname="LOT.LotMMB" name="MMB" time="0.000">
    <skipped/>
  </testcase> <!-- MMB -->
  <testcase classname="LOT.LotMMB" name="MMB" time="0.000">
    <skipped/>
  </testcase> <!-- MMB -->
  <testcase classname="LOT.LotMMB" name="MMB" time="0.000">
    <skipped/>
  </testcase> <!-- MMB -->
  <testcase classname="LOT.LotMMB" name="MMB" time="0.000">
    <skipped/>
  </testcase> <!-- MMB -->
  <testcase classname="LOT.LotMMB" name="MMB" time="0.000">
    <skipped/>
  </testcase> <!-- MMB -->
  <testcase classname="LOT.LotMMB" name="MMB" time="0.000">
    <skipped/>
  </testcase> <!-- MMB -->
  <testcase classname="LOT.LotMMB" name="MMB" time="0.000">
    <skipped/>
  </testcase> <!-- MMB -->
  <testcase classname="LOT.LotMMB" name="MMB" time="0.000">
    <skipped/>
  </testcase> <!-- MMB -->
  <testcase classname="LOT.LotMMB" name="MMB" time="0.000">
    <skipped/>
  </testcase> <!-- MMB -->
  <testcase classname="LOT.LotMMB" name="MMB" time="0.000">
    <skipped/>
  </testcase> <!-- MMB -->
  <testcase classname="LOT.LotMMB" name="MMB" time="0.000">
    <skipped/>
  </testcase> <!-- MMB -->
  <testcase classname="LOT.LotMMB" name="MMB" time="0.000">
    <skipped/>
  </testcase> <!-- MMB -->
  <testcase classname="LOT.LotMMB" name="MMB" time="0.000">
    <skipped/>
  </testcase> <!-- MMB -->
  <testcase classname="LOT.LotMMB" name="MMB" time="0.000">
    <skipped/>
  </testcase> <!-- MMB -->
  <testcase classname="LOT.LotMMB" name="MMB" time="0.000">
    <skipped/>
  </testcase> <!-- MMB -->
  <testcase classname="LOT.LotMMB" name="MMB" time="0.000">
    <skipped/>
  </testcase> <!-- MMB -->
  <testcase classname="LOT.LotMMB" name="MMB" time="0.000">
    <skipped/>
  </testcase> <!-- MMB -->
  <testcase classname="LOT.LotMMB" name="MMB" time="0.000">
    <skipped/>
  </testcase> <!-- MMB -->
  <testcase classname="LOT.LotMMB" name="MMB" time="0.000">
    <skipped/>
  </testcase> <!-- MMB -->
  <testcase classname="LOT.LotMMB" name="MMB" time="0.000">
    <skipped/>
  </testcase> <!-- MMB -->
  <testcase classname="LOT.LotMMB" name="MMB" time="0.000">
    <skipped/>
  </testcase> <!-- MMB -->
  <testcase classname="LOT.LotMMB" name="MMB" time="0.000">
    <skipped/>
  </testcase> <!-- MMB -->
  <testcase classname="LOT.LotMMB" name="MMB" time="0.000">
    <skipped/>
  </testcase> <!-- MMB -->
  <testcase classname="LOT.LotMMB" name="MMB" time="0.000">
    <skipped/>
  </testcase> <!-- MMB -->
  <testcase classname="LOT.LotMMB" name="MMB" time="0.000">
    <skipped/>
  </testcase> <!-- MMB -->
  <testcase classname="LOT.LotMMB" name="MMB" time="0.000">
    <skipped/>
  </testcase> <!-- MMB -->
  <testcase classname="LOT.LotMMB" name="MMB" time="0.000">
    <skipped/>
  </testcase> <!-- MMB -->
  <testcase classname="LOT.LotMMB" name="MMB" time="0.000">
    <skipped/>
  </testcase> <!-- MMB -->
  <testcase classname="LOT.LotMMB" name="MMB" time="0.000">
    <skipped/>
  </testcase> <!-- MMB -->
  <testcase classname="LOT.LotMMB" name="MMB" time="0.000">
    <skipped/>
  </testcase> <!-- MMB -->
  <testcase classname="LOT.LotMMB" name="MMB" time="0.000">
    <skipped/>
  </testcase> <!-- MMB -->
  <testcase classname="LOT.LotMMB" name="MMB" time="0.000">
    <skipped/>
  </testcase> <!-- MMB -->
  <testcase classname="LOT.LotMMB" name="MMB" time="0.000">
    <skipped/>
  </testcase> <!-- MMB -->
  <testcase classname="LOT.LotMMB" name="MMB" time="0.000">
    <skipped/>
  </testcase> <!-- MMB -->
  <testcase classname="LOT.LotMMB" name="MMB" time="0.000">
    <skipped/>
  </testcase> <!-- MMB -->
  <testcase classname="LOT.LotMMB" name="MMB" time="0.000">
    <skipped/>
  </testcase> <!-- MMB -->
  <testcase classname="LOT.LotMMB" name="MMB" time="0.000">
    <skipped/>
  </testcase> <!-- MMB -->
  <testcase classname="LOT.LotMMB" name="MMB" time="0.000">
    <skipped/>
  </testcase> <!-- MMB -->
  <testcase classname="LOT.LotMMB" name="MMB" time="0.000">
    <skipped/>
  </testcase> <!-- MMB -->
  <testcase classname="LOT.LotMMB" name="MMB" time="0.000">
    <skipped/>
  </testcase> <!-- MMB -->
  <testcase classname="LOT.LotMMB" name="MMB" time="0.000">
    <skipped/>
  </testcase> <!-- MMB -->
  <testcase classname="LOT.LotMMB" name="MMB" time="0.000">
    <skipped/>
  </testcase> <!-- MMB -->
  <testcase classname="LOT.LotMMB" name="MMB" time="0.000">
    <skipped/>
  </testcase> <!-- MMB -->
  <testcase classname="LOT.LotMMB" name="MMB" time="0.000">
    <skipped/>
  </testcase> <!-- MMB -->
  <testcase classname="LOT.LotMMB" name="MMB" time="0.000">
    <skipped/>
  </testcase> <!-- MMB -->
  <testcase classname="LOT.LotMMB" name="MMB" time="0.000">
    <skipped/>
  </testcase> <!-- MMB -->
  <testcase classname="LOT.LotMMB" name="MMB" time="0.000">
    <skipped/>
  </testcase> <!-- MMB -->
  <testcase classname="LOT.LotMMB" name="MMB" time="0.000">
    <skipped/>
  </testcase> <!-- MMB -->
  <testcase classname="LOT.LotMMB" name="MMB" time="0.000">
    <skipped/>
  </testcase> <!-- MMB -->
  <testcase classname="LOT.LotMMB" name="MMB" time="0.000">
    <skipped/>
  </testcase> <!-- MMB -->
  <testcase classname="LOT.LotMMB" name="MMB" time="0.000">
    <skipped/>
  </testcase> <!-- MMB -->
  <testcase classname="LOT.LotMMB" name="MMB" time="0.000">
    <skipped/>
  </testcase> <!-- MMB -->
  <testcase classname="LOT.LotMMB" name="MMB" time="0.000">
    <skipped/>
  </testcase> <!-- MMB -->
  <testcase classname="LOT.LotMMB" name="MMB" time="0.000">
    <skipped/>
  </testcase> <!-- MMB -->
  <testcase classname="LOT.LotMMB" name="MMB" time="0.000">
    <skipped/>
  </testcase> <!-- MMB -->
  <testcase classname="LOT.LotMMB" name="MMB" time="0.000">
    <skipped/>
  </testcase> <!-- MMB -->
  <testcase classname="LOT.LotMMB" name="MMB" time="0.000">
    <skipped/>
  </testcase> <!-- MMB -->
  <testcase classname="LOT.LotMMB" name="MMB" time="0.000">
    <skipped/>
  </testcase> <!-- MMB -->
  <testcase classname="LOT.LotMMB" name="MMB" time="0.000">
    <skipped/>
  </testcase> <!-- MMB -->
  <testcase classname="LOT.LotMMB" name="MMB" time="0.000">
    <skipped/>
  </testcase> <!-- MMB -->
  <testcase classname="LOT.LotMMB" name="tearDown" time="0.001">
    <error type="java.lang.NullPointerException">
      <![CDATA[java.lang.NullPointerException
at LOT.LotMMB.tearDown(LotMMB.java:95)
at java.base/jdk.internal.reflect.NativeMethodAccessorImpl.invoke0(Native Method)
at java.base/jdk.internal.reflect.NativeMethodAccessorImpl.invoke(NativeMethodAccessorImpl.java:62)
at java.base/jdk.internal.reflect.DelegatingMethodAccessorImpl.invoke(DelegatingMethodAccessorImpl.java:43)
at java.base/java.lang.reflect.Method.invoke(Method.java:564)
at org.testng.internal.MethodInvocationHelper.invokeMethod(MethodInvocationHelper.java:124)
at org.testng.internal.MethodInvocationHelper.invokeMethodConsideringTimeout(MethodInvocationHelper.java:59)
at org.testng.internal.Invoker.invokeConfigurationMethod(Invoker.java:455)
at org.testng.internal.Invoker.invokeConfigurations(Invoker.java:222)
at org.testng.internal.Invoker.invokeConfigurations(Invoker.java:142)
at org.testng.TestRunner.afterRun(TestRunner.java:725)
at org.testng.TestRunner.run(TestRunner.java:509)
at org.testng.SuiteRunner.runTest(SuiteRunner.java:455)
at org.testng.SuiteRunner.runSequentially(SuiteRunner.java:450)
at org.testng.SuiteRunner.privateRun(SuiteRunner.java:415)
at org.testng.SuiteRunner.run(SuiteRunner.java:364)
at org.testng.SuiteRunnerWorker.runSuite(SuiteRunnerWorker.java:52)
at org.testng.SuiteRunnerWorker.run(SuiteRunnerWorker.java:84)
at org.testng.TestNG.runSuitesSequentially(TestNG.java:1208)
at org.testng.TestNG.runSuitesLocally(TestNG.java:1137)
at org.testng.TestNG.runSuites(TestNG.java:1049)
at org.testng.TestNG.run(TestNG.java:1017)
at org.testng.IDEARemoteTestNG.run(IDEARemoteTestNG.java:72)
at org.testng.RemoteTestNGStarter.main(RemoteTestNGStarter.java:123)
]]>
    </error>
  </testcase> <!-- tearDown -->
  <testcase classname="LOT.LotMMB" name="MMB" time="0.000">
    <skipped/>
  </testcase> <!-- MMB -->
  <testcase classname="LOT.LotMMB" name="MMB" time="0.000">
    <skipped/>
  </testcase> <!-- MMB -->
  <testcase classname="LOT.LotMMB" name="MMB" time="0.000">
    <skipped/>
  </testcase> <!-- MMB -->
  <testcase classname="LOT.LotMMB" name="MMB" time="0.000">
    <skipped/>
  </testcase> <!-- MMB -->
  <testcase classname="LOT.LotMMB" name="MMB" time="0.000">
    <skipped/>
  </testcase> <!-- MMB -->
  <testcase classname="LOT.LotMMB" name="MMB" time="0.000">
    <skipped/>
  </testcase> <!-- MMB -->
  <testcase classname="LOT.LotMMB" name="setUp" time="1.340">
    <error message="com.google.gson.GsonBuilder.setLenient()Lcom/google/gson/GsonBuilder;" type="java.lang.NoSuchMethodError">
      <![CDATA[java.lang.NoSuchMethodError: com.google.gson.GsonBuilder.setLenient()Lcom/google/gson/GsonBuilder;
at org.openqa.selenium.json.Json.<clinit>(Json.java:47)
at org.openqa.selenium.logging.profiler.HttpProfilerLogEntry.constructMessage(HttpProfilerLogEntry.java:37)
at org.openqa.selenium.logging.profiler.HttpProfilerLogEntry.<init>(HttpProfilerLogEntry.java:29)
at org.openqa.selenium.remote.HttpCommandExecutor.execute(HttpCommandExecutor.java:137)
at org.openqa.selenium.remote.service.DriverCommandExecutor.execute(DriverCommandExecutor.java:83)
at org.openqa.selenium.remote.RemoteWebDriver.execute(RemoteWebDriver.java:601)
at org.openqa.selenium.remote.RemoteWebDriver.startSession(RemoteWebDriver.java:219)
at org.openqa.selenium.remote.RemoteWebDriver.<init>(RemoteWebDriver.java:142)
at org.openqa.selenium.chrome.ChromeDriver.<init>(ChromeDriver.java:181)
at org.openqa.selenium.chrome.ChromeDriver.<init>(ChromeDriver.java:168)
at org.openqa.selenium.chrome.ChromeDriver.<init>(ChromeDriver.java:123)
at LOT.LotMMB.setUp(LotMMB.java:32)
at java.base/jdk.internal.reflect.NativeMethodAccessorImpl.invoke0(Native Method)
at java.base/jdk.internal.reflect.NativeMethodAccessorImpl.invoke(NativeMethodAccessorImpl.java:62)
at java.base/jdk.internal.reflect.DelegatingMethodAccessorImpl.invoke(DelegatingMethodAccessorImpl.java:43)
at java.base/java.lang.reflect.Method.invoke(Method.java:564)
at org.testng.internal.MethodInvocationHelper.invokeMethod(MethodInvocationHelper.java:124)
at org.testng.internal.MethodInvocationHelper.invokeMethodConsideringTimeout(MethodInvocationHelper.java:59)
at org.testng.internal.Invoker.invokeConfigurationMethod(Invoker.java:455)
at org.testng.internal.Invoker.invokeConfigurations(Invoker.java:222)
at org.testng.internal.Invoker.invokeConfigurations(Invoker.java:142)
at org.testng.TestRunner.beforeRun(TestRunner.java:529)
at org.testng.TestRunner.run(TestRunner.java:497)
at org.testng.SuiteRunner.runTest(SuiteRunner.java:455)
at org.testng.SuiteRunner.runSequentially(SuiteRunner.java:450)
at org.testng.SuiteRunner.privateRun(SuiteRunner.java:415)
at org.testng.SuiteRunner.run(SuiteRunner.java:364)
at org.testng.SuiteRunnerWorker.runSuite(SuiteRunnerWorker.java:52)
at org.testng.SuiteRunnerWorker.run(SuiteRunnerWorker.java:84)
at org.testng.TestNG.runSuitesSequentially(TestNG.java:1208)
at org.testng.TestNG.runSuitesLocally(TestNG.java:1137)
at org.testng.TestNG.runSuites(TestNG.java:1049)
at org.testng.TestNG.run(TestNG.java:1017)
at org.testng.IDEARemoteTestNG.run(IDEARemoteTestNG.java:72)
at org.testng.RemoteTestNGStarter.main(RemoteTestNGStarter.java:123)
]]>
    </error>
  </testcase> <!-- setUp -->
  <testcase classname="LOT.LotMMB" name="MMB" time="0.000">
    <skipped/>
  </testcase> <!-- MMB -->
  <testcase classname="LOT.LotMMB" name="MMB" time="0.000">
    <skipped/>
  </testcase> <!-- MMB -->
  <testcase classname="LOT.LotMMB" name="MMB" time="0.000">
    <skipped/>
  </testcase> <!-- MMB -->
  <testcase classname="LOT.LotMMB" name="MMB" time="0.000">
    <skipped/>
  </testcase> <!-- MMB -->
  <testcase classname="LOT.LotMMB" name="MMB" time="0.000">
    <skipped/>
  </testcase> <!-- MMB -->
  <testcase classname="LOT.LotMMB" name="MMB" time="0.000">
    <skipped/>
  </testcase> <!-- MMB -->
  <testcase classname="LOT.LotMMB" name="MMB" time="0.000">
    <skipped/>
  </testcase> <!-- MMB -->
  <testcase classname="LOT.LotMMB" name="MMB" time="0.000">
    <skipped/>
  </testcase> <!-- MMB -->
  <testcase classname="LOT.LotMMB" name="MMB" time="0.000">
    <skipped/>
  </testcase> <!-- MMB -->
  <testcase classname="LOT.LotMMB" name="MMB" time="0.000">
    <skipped/>
  </testcase> <!-- MMB -->
  <testcase classname="LOT.LotMMB" name="MMB" time="0.000">
    <skipped/>
  </testcase> <!-- MMB -->
  <testcase classname="LOT.LotMMB" name="MMB" time="0.000">
    <skipped/>
  </testcase> <!-- MMB -->
  <testcase classname="LOT.LotMMB" name="MMB" time="0.000">
    <skipped/>
  </testcase> <!-- MMB -->
  <testcase classname="LOT.LotMMB" name="MMB" time="0.000">
    <skipped/>
  </testcase> <!-- MMB -->
  <testcase classname="LOT.LotMMB" name="MMB" time="0.000">
    <skipped/>
  </testcase> <!-- MMB -->
  <testcase classname="LOT.LotMMB" name="MMB" time="0.000">
    <skipped/>
  </testcase> <!-- MMB -->
  <testcase classname="LOT.LotMMB" name="MMB" time="0.000">
    <skipped/>
  </testcase> <!-- MMB -->
  <testcase classname="LOT.LotMMB" name="MMB" time="0.000">
    <skipped/>
  </testcase> <!-- MMB -->
  <testcase classname="LOT.LotMMB" name="MMB" time="0.000">
    <skipped/>
  </testcase> <!-- MMB -->
  <testcase classname="LOT.LotMMB" name="MMB" time="0.000">
    <skipped/>
  </testcase> <!-- MMB -->
  <testcase classname="LOT.LotMMB" name="MMB" time="0.000">
    <skipped/>
  </testcase> <!-- MMB -->
  <testcase classname="LOT.LotMMB" name="MMB" time="0.000">
    <skipped/>
  </testcase> <!-- MMB -->
  <testcase classname="LOT.LotMMB" name="MMB" time="0.000">
    <skipped/>
  </testcase> <!-- MMB -->
  <testcase classname="LOT.LotMMB" name="MMB" time="0.000">
    <skipped/>
  </testcase> <!-- MMB -->
  <testcase classname="LOT.LotMMB" name="MMB" time="0.000">
    <skipped/>
  </testcase> <!-- MMB -->
  <testcase classname="LOT.LotMMB" name="MMB" time="0.000">
    <skipped/>
  </testcase> <!-- MMB -->
  <testcase classname="LOT.LotMMB" name="MMB" time="0.000">
    <skipped/>
  </testcase> <!-- MMB -->
  <testcase classname="LOT.LotMMB" name="MMB" time="0.000">
    <skipped/>
  </testcase> <!-- MMB -->
  <testcase classname="LOT.LotMMB" name="MMB" time="0.000">
    <skipped/>
  </testcase> <!-- MMB -->
  <testcase classname="LOT.LotMMB" name="MMB" time="0.000">
    <skipped/>
  </testcase> <!-- MMB -->
  <testcase classname="LOT.LotMMB" name="MMB" time="0.000">
    <skipped/>
  </testcase> <!-- MMB -->
  <testcase classname="LOT.LotMMB" name="MMB" time="0.000">
    <skipped/>
  </testcase> <!-- MMB -->
  <testcase classname="LOT.LotMMB" name="MMB" time="0.000">
    <skipped/>
  </testcase> <!-- MMB -->
  <testcase classname="LOT.LotMMB" name="MMB" time="0.000">
    <skipped/>
  </testcase> <!-- MMB -->
  <testcase classname="LOT.LotMMB" name="MMB" time="0.000">
    <skipped/>
  </testcase> <!-- MMB -->
  <testcase classname="LOT.LotMMB" name="MMB" time="0.000">
    <skipped/>
  </testcase> <!-- MMB -->
  <testcase classname="LOT.LotMMB" name="MMB" time="0.000">
    <skipped/>
  </testcase> <!-- MMB -->
  <testcase classname="LOT.LotMMB" name="MMB" time="0.000">
    <skipped/>
  </testcase> <!-- MMB -->
  <testcase classname="LOT.LotMMB" name="MMB" time="0.000">
    <skipped/>
  </testcase> <!-- MMB -->
  <testcase classname="LOT.LotMMB" name="MMB" time="0.000">
    <skipped/>
  </testcase> <!-- MMB -->
  <testcase classname="LOT.LotMMB" name="MMB" time="0.000">
    <skipped/>
  </testcase> <!-- MMB -->
  <testcase classname="LOT.LotMMB" name="MMB" time="0.000">
    <skipped/>
  </testcase> <!-- MMB -->
  <testcase classname="LOT.LotMMB" name="MMB" time="0.000">
    <skipped/>
  </testcase> <!-- MMB -->
  <testcase classname="LOT.LotMMB" name="MMB" time="0.000">
    <skipped/>
  </testcase> <!-- MMB -->
  <testcase classname="LOT.LotMMB" name="MMB" time="0.000">
    <skipped/>
  </testcase> <!-- MMB -->
  <testcase classname="LOT.LotMMB" name="MMB" time="0.000">
    <skipped/>
  </testcase> <!-- MMB -->
  <testcase classname="LOT.LotMMB" name="MMB" time="0.000">
    <skipped/>
  </testcase> <!-- MMB -->
  <testcase classname="LOT.LotMMB" name="MMB" time="0.000">
    <skipped/>
  </testcase> <!-- MMB -->
  <testcase classname="LOT.LotMMB" name="MMB" time="0.000">
    <skipped/>
  </testcase> <!-- MMB -->
  <testcase classname="LOT.LotMMB" name="MMB" time="0.000">
    <skipped/>
  </testcase> <!-- MMB -->
  <testcase classname="LOT.LotMMB" name="MMB" time="0.000">
    <skipped/>
  </testcase> <!-- MMB -->
  <testcase classname="LOT.LotMMB" name="MMB" time="0.000">
    <skipped/>
  </testcase> <!-- MMB -->
  <testcase classname="LOT.LotMMB" name="MMB" time="0.000">
    <skipped/>
  </testcase> <!-- MMB -->
  <testcase classname="LOT.LotMMB" name="MMB" time="0.000">
    <skipped/>
  </testcase> <!-- MMB -->
  <testcase classname="LOT.LotMMB" name="MMB" time="0.000">
    <skipped/>
  </testcase> <!-- MMB -->
  <testcase classname="LOT.LotMMB" name="MMB" time="0.000">
    <skipped/>
  </testcase> <!-- MMB -->
  <testcase classname="LOT.LotMMB" name="MMB" time="0.000">
    <skipped/>
  </testcase> <!-- MMB -->
  <testcase classname="LOT.LotMMB" name="MMB" time="0.000">
    <skipped/>
  </testcase> <!-- MMB -->
  <testcase classname="LOT.LotMMB" name="MMB" time="0.000">
    <skipped/>
  </testcase> <!-- MMB -->
  <testcase classname="LOT.LotMMB" name="MMB" time="0.000">
    <skipped/>
  </testcase> <!-- MMB -->
  <testcase classname="LOT.LotMMB" name="MMB" time="0.000">
    <skipped/>
  </testcase> <!-- MMB -->
  <testcase classname="LOT.LotMMB" name="MMB" time="0.000">
    <skipped/>
  </testcase> <!-- MMB -->
  <testcase classname="LOT.LotMMB" name="MMB" time="0.000">
    <skipped/>
  </testcase> <!-- MMB -->
  <testcase classname="LOT.LotMMB" name="MMB" time="0.000">
    <skipped/>
  </testcase> <!-- MMB -->
  <testcase classname="LOT.LotMMB" name="MMB" time="0.000">
    <skipped/>
  </testcase> <!-- MMB -->
  <testcase classname="LOT.LotMMB" name="MMB" time="0.000">
    <skipped/>
  </testcase> <!-- MMB -->
  <testcase classname="LOT.LotMMB" name="MMB" time="0.000">
    <skipped/>
  </testcase> <!-- MMB -->
  <testcase classname="LOT.LotMMB" name="MMB" time="0.000">
    <skipped/>
  </testcase> <!-- MMB -->
  <testcase classname="LOT.LotMMB" name="MMB" time="0.000">
    <skipped/>
  </testcase> <!-- MMB -->
  <testcase classname="LOT.LotMMB" name="MMB" time="0.000">
    <skipped/>
  </testcase> <!-- MMB -->
  <testcase classname="LOT.LotMMB" name="MMB" time="0.000">
    <skipped/>
  </testcase> <!-- MMB -->
  <testcase classname="LOT.LotMMB" name="MMB" time="0.000">
    <skipped/>
  </testcase> <!-- MMB -->
  <testcase classname="LOT.LotMMB" name="MMB" time="0.000">
    <skipped/>
  </testcase> <!-- MMB -->
  <testcase classname="LOT.LotMMB" name="MMB" time="0.000">
    <skipped/>
  </testcase> <!-- MMB -->
  <testcase classname="LOT.LotMMB" name="MMB" time="0.000">
    <skipped/>
  </testcase> <!-- MMB -->
  <testcase classname="LOT.LotMMB" name="MMB" time="0.000">
    <skipped/>
  </testcase> <!-- MMB -->
  <testcase classname="LOT.LotMMB" name="MMB" time="0.000">
    <skipped/>
  </testcase> <!-- MMB -->
  <testcase classname="LOT.LotMMB" name="MMB" time="0.000">
    <skipped/>
  </testcase> <!-- MMB -->
  <testcase classname="LOT.LotMMB" name="MMB" time="0.000">
    <skipped/>
  </testcase> <!-- MMB -->
  <testcase classname="LOT.LotMMB" name="MMB" time="0.000">
    <skipped/>
  </testcase> <!-- MMB -->
  <testcase classname="LOT.LotMMB" name="MMB" time="0.000">
    <skipped/>
  </testcase> <!-- MMB -->
  <testcase classname="LOT.LotMMB" name="MMB" time="0.000">
    <skipped/>
  </testcase> <!-- MMB -->
  <testcase classname="LOT.LotMMB" name="MMB" time="0.000">
    <skipped/>
  </testcase> <!-- MMB -->
  <testcase classname="LOT.LotMMB" name="MMB" time="0.000">
    <skipped/>
  </testcase> <!-- MMB -->
  <testcase classname="LOT.LotMMB" name="MMB" time="0.000">
    <skipped/>
  </testcase> <!-- MMB -->
  <testcase classname="LOT.LotMMB" name="MMB" time="0.000">
    <skipped/>
  </testcase> <!-- MMB -->
  <testcase classname="LOT.LotMMB" name="MMB" time="0.000">
    <skipped/>
  </testcase> <!-- MMB -->
  <testcase classname="LOT.LotMMB" name="MMB" time="0.000">
    <skipped/>
  </testcase> <!-- MMB -->
  <testcase classname="LOT.LotMMB" name="MMB" time="0.000">
    <skipped/>
  </testcase> <!-- MMB -->
  <testcase classname="LOT.LotMMB" name="MMB" time="0.000">
    <skipped/>
  </testcase> <!-- MMB -->
  <testcase classname="LOT.LotMMB" name="MMB" time="0.000">
    <skipped/>
  </testcase> <!-- MMB -->
  <testcase classname="LOT.LotMMB" name="MMB" time="0.000">
    <skipped/>
  </testcase> <!-- MMB -->
</testsuite> <!-- LOT.LotMMB -->
