<?xml version="1.0" encoding="UTF-8"?>
<!-- Generated by org.testng.reporters.JUnitReportReporter -->
<testsuite hostname="N-5CG7492PHQ" failures="0" tests="2" name="LOT.LotBilety" time="40.643" errors="0" timestamp="17 maj 2018 14:08:57 GMT" skipped="0">
  <testcase classname="LOT.LotBilety" name="Test_BuyTickets" time="18.819"/>
  <testcase classname="LOT.LotBilety" name="Test_BuyTickets" time="21.824"/>
</testsuite> <!-- LOT.LotBilety -->
