<?xml version="1.0" encoding="UTF-8"?>
<!-- Generated by org.testng.reporters.JUnitReportReporter -->
<testsuite hostname="N-5CG7492PHQ" failures="0" tests="1" name="LOT.LotBilety" time="19.320" errors="0" timestamp="13 mar 2018 12:59:28 GMT" skipped="0">
  <testcase classname="LOT.LotBilety" name="Bilet_WAW_LHR_Economy" time="19.320"/>
</testsuite> <!-- LOT.LotBilety -->
