<?xml version="1.0" encoding="UTF-8"?>
<!-- Generated by org.testng.reporters.JUnitReportReporter -->
<testsuite hostname="N-5CG7492PHQ" failures="0" tests="1" name="LOT.LotBilety" time="47.612" errors="0" timestamp="07 mar 2018 12:13:14 GMT" skipped="0">
  <testcase classname="LOT.LotBilety" name="testLot" time="47.612"/>
</testsuite> <!-- LOT.LotBilety -->
