<?xml version="1.0" encoding="UTF-8"?>
<!-- Generated by org.testng.reporters.JUnitReportReporter -->
<testsuite hostname="N-5CG7492PHQ" failures="0" tests="3" name="LOT.LotBiletyHU" time="134.937" errors="0" timestamp="30 maj 2018 09:40:20 GMT" skipped="0">
  <testcase classname="LOT.LotBiletyHU" name="Test_BuyTickets" time="46.839"/>
  <testcase classname="LOT.LotBiletyHU" name="Test_BuyTickets" time="43.507"/>
  <testcase classname="LOT.LotBiletyHU" name="Test_BuyTickets" time="44.591"/>
</testsuite> <!-- LOT.LotBiletyHU -->
