<?xml version="1.0" encoding="UTF-8"?>
<!-- Generated by org.testng.reporters.JUnitReportReporter -->
<testsuite hostname="N-5CG7492PHQ" failures="0" tests="1" name="GAM.GAM_Login" time="4.475" errors="0" timestamp="19 lut 2018 13:34:59 GMT" skipped="0">
  <testcase classname="GAM.GAM_Login" name="main" time="4.475"/>
</testsuite> <!-- GAM.GAM_Login -->
