<?xml version="1.0" encoding="UTF-8"?>
<!-- Generated by org.testng.reporters.JUnitReportReporter -->
<testsuite hostname="N-5CG7492PHQ" failures="0" tests="1" name="LOT.UI_tests.HomePageUI" time="9.664" errors="0" timestamp="23 kwi 2018 12:28:23 GMT" skipped="0">
  <testcase classname="LOT.UI_tests.HomePageUI" name="Test_HomePageUI_PL" time="9.664"/>
</testsuite> <!-- LOT.UI_tests.HomePageUI -->
