<?xml version="1.0" encoding="UTF-8"?>
<!-- Generated by org.testng.reporters.JUnitReportReporter -->
<testsuite hostname="N-5CG7492PHQ" failures="0" tests="1" name="LOT.LotBilety" time="70.813" errors="0" timestamp="14 mar 2018 15:10:27 GMT" skipped="0">
  <testcase classname="LOT.LotBilety" name="Test_Biletow" time="70.813"/>
</testsuite> <!-- LOT.LotBilety -->
