<?xml version="1.0" encoding="UTF-8"?>
<!-- Generated by org.testng.reporters.JUnitReportReporter -->
<testsuite hostname="N-5CG7492PHQ" failures="0" tests="1" name="LOT.LotBiletyTTT" time="0.000" errors="0" timestamp="18 paÅº 2018 11:22:31 GMT" skipped="1">
  <testcase classname="LOT.LotBiletyTTT" name="Test_BuyTicketsEU" time="0.000">
    <skipped/>
  </testcase> <!-- Test_BuyTicketsEU -->
</testsuite> <!-- LOT.LotBiletyTTT -->
