<?xml version="1.0" encoding="UTF-8"?>
<!-- Generated by org.testng.reporters.JUnitReportReporter -->
<testsuite hostname="N-5CG7492PHQ" failures="0" tests="1" name="PRE2LOT.Booking" time="51.494" errors="0" timestamp="12 kwi 2018 11:18:36 GMT" skipped="0">
  <testcase classname="PRE2LOT.Booking" name="Test_From_WAW_TO_ICN_prices" time="51.494"/>
</testsuite> <!-- PRE2LOT.Booking -->
