<?xml version="1.0" encoding="UTF-8"?>
<!-- Generated by org.testng.reporters.JUnitReportReporter -->
<testsuite hostname="N-5CG7492PHQ" failures="0" tests="1" name="LOT.connectis" time="11.433" errors="0" timestamp="01 mar 2018 13:40:20 GMT" skipped="0">
  <testcase classname="LOT.connectis" name="testLot" time="11.433"/>
</testsuite> <!-- LOT.connectis -->
