<?xml version="1.0" encoding="UTF-8"?>
<!-- Generated by org.testng.reporters.JUnitReportReporter -->
<testsuite hostname="N-5CG7492PHQ" failures="0" tests="3" name="LOT.LotTicketsBusiness" time="215.839" errors="0" timestamp="24 lip 2018 11:13:43 GMT" skipped="0">
  <testcase classname="LOT.LotTicketsBusiness" name="Test_BuyTicketsUS" time="62.664"/>
  <testcase classname="LOT.LotTicketsBusiness" name="Test_BuyTicketsEU" time="68.727"/>
  <testcase classname="LOT.LotTicketsBusiness" name="Test_BuyTicketsHU" time="84.448"/>
</testsuite> <!-- LOT.LotTicketsBusiness -->
