<?xml version="1.0" encoding="UTF-8"?>
<!-- Generated by org.testng.reporters.JUnitReportReporter -->
<testsuite hostname="N-5CG7492PHQ" failures="0" tests="2" name="LOT.TimeCount" time="34.596" errors="0" timestamp="27 wrz 2018 12:43:26 GMT" skipped="0">
  <testcase classname="LOT.TimeCount" name="Test_BuyTicketsEU" time="17.389"/>
  <testcase classname="LOT.TimeCount" name="Test_BuyTicketsEU" time="17.207"/>
</testsuite> <!-- LOT.TimeCount -->
