<?xml version="1.0" encoding="UTF-8"?>
<!-- Generated by org.testng.reporters.JUnitReportReporter -->
<testsuite hostname="N-5CG7492PHQ" failures="0" tests="1" name="Test.Linkedin" time="12.218" errors="0" timestamp="02 mar 2018 10:21:34 GMT" skipped="0">
  <testcase classname="Test.Linkedin" name="testLot" time="12.218"/>
</testsuite> <!-- Test.Linkedin -->
