<?xml version="1.0" encoding="UTF-8"?>
<!-- Generated by org.testng.reporters.JUnitReportReporter -->
<testsuite hostname="N-5CG7492PHQ" failures="0" tests="2" name="PRE2LOT.PRE2Short" time="51.995" errors="0" timestamp="17 wrz 2018 13:49:27 GMT" skipped="0">
  <testcase classname="PRE2LOT.PRE2Short" name="Test_Pr2ShortEU" time="25.256"/>
  <testcase classname="PRE2LOT.PRE2Short" name="Test_Pr2ShortEU" time="26.739"/>
</testsuite> <!-- PRE2LOT.PRE2Short -->
