<?xml version="1.0" encoding="UTF-8"?>
<!-- Generated by org.testng.reporters.JUnitReportReporter -->
<testsuite hostname="N-5CG7492PHQ" failures="0" tests="1" name="LOT.LotBilety" time="37.803" errors="0" timestamp="02 mar 2018 11:09:58 GMT" skipped="0">
  <testcase classname="LOT.LotBilety" name="testLot" time="37.803"/>
</testsuite> <!-- LOT.LotBilety -->
