<?xml version="1.0" encoding="UTF-8"?>
<!-- Generated by org.testng.reporters.JUnitReportReporter -->
<testsuite hostname="N-5CG7492PHQ" failures="0" tests="3" name="PRE2LOT.Booking3" time="34.139" errors="0" timestamp="11 wrz 2018 10:13:26 GMT" skipped="0">
  <testcase classname="PRE2LOT.Booking3" name="Test_Pr2ShortEU" time="6.461"/>
  <testcase classname="PRE2LOT.Booking3" name="Test_Pr2ShortEU" time="13.196"/>
  <testcase classname="PRE2LOT.Booking3" name="Test_Pr2ShortEU" time="14.482"/>
</testsuite> <!-- PRE2LOT.Booking3 -->
